# JRE version: OpenJDK Runtime Environment (11.0.13) (build 11.0.13+0-b1751.21-8125866)
# Java VM: OpenJDK 64-Bit Server VM (11.0.13+0-b1751.21-8125866, mixed mode, tiered, compressed oops, g1 gc, windows-amd64)
Heap:
 garbage-first heap   total 262144K, used 182686K [0x0000000080000000, 0x0000000100000000)
  region size 1024K, 55 young (56320K), 14 survivors (14336K)
 Metaspace       used 103485K, capacity 106678K, committed 106760K, reserved 1142784K
  class space    used 13094K, capacity 14281K, committed 14336K, reserved 1048576K
GC Heap History (20 events):
Event: 14.111 GC heap before
{Heap before GC invocations=15 (full 0):
 garbage-first heap   total 262144K, used 201728K [0x0000000080000000, 0x0000000100000000)
  region size 1024K, 111 young (113664K), 11 survivors (11264K)
 Metaspace       used 93632K, capacity 96318K, committed 96392K, reserved 1132544K
  class space    used 11882K, capacity 12866K, committed 12928K, reserved 1048576K
}
Event: 14.117 GC heap after
{Heap after GC invocations=16 (full 0):
 garbage-first heap   total 262144K, used 97724K [0x0000000080000000, 0x0000000100000000)
  region size 1024K, 3 young (3072K), 3 survivors (3072K)
 Metaspace       used 93632K, capacity 96318K, committed 96392K, reserved 1132544K
  class space    used 11882K, capacity 12866K, committed 12928K, reserved 1048576K
}
Event: 14.724 GC heap before
{Heap before GC invocations=16 (full 0):
 garbage-first heap   total 262144K, used 209340K [0x0000000080000000, 0x0000000100000000)
  region size 1024K, 109 young (111616K), 3 survivors (3072K)
 Metaspace       used 97700K, capacity 100503K, committed 100744K, reserved 1136640K
  class space    used 12347K, capacity 13329K, committed 13440K, reserved 1048576K
}
Event: 14.729 GC heap after
{Heap after GC invocations=17 (full 0):
 garbage-first heap   total 262144K, used 104027K [0x0000000080000000, 0x0000000100000000)
  region size 1024K, 9 young (9216K), 9 survivors (9216K)
 Metaspace       used 97700K, capacity 100503K, committed 100744K, reserved 1136640K
  class space    used 12347K, capacity 13329K, committed 13440K, reserved 1048576K
}
Event: 14.847 GC heap before
{Heap before GC invocations=17 (full 0):
 garbage-first heap   total 262144K, used 212571K [0x0000000080000000, 0x0000000100000000)
  region size 1024K, 111 young (113664K), 9 survivors (9216K)
 Metaspace       used 98367K, capacity 101150K, committed 101256K, reserved 1136640K
  class space    used 12399K, capacity 13394K, committed 13440K, reserved 1048576K
}
Event: 14.853 GC heap after
{Heap after GC invocations=18 (full 0):
 garbage-first heap   total 262144K, used 112349K [0x0000000080000000, 0x0000000100000000)
  region size 1024K, 8 young (8192K), 8 survivors (8192K)
 Metaspace       used 98367K, capacity 101150K, committed 101256K, reserved 1136640K
  class space    used 12399K, capacity 13394K, committed 13440K, reserved 1048576K
}
Event: 14.959 GC heap before
{Heap before GC invocations=18 (full 0):
 garbage-first heap   total 262144K, used 209629K [0x0000000080000000, 0x0000000100000000)
  region size 1024K, 104 young (106496K), 8 survivors (8192K)
 Metaspace       used 98485K, capacity 101215K, committed 101512K, reserved 1138688K
  class space    used 12399K, capacity 13394K, committed 13440K, reserved 1048576K
}
Event: 14.962 GC heap after
{Heap after GC invocations=19 (full 0):
 garbage-first heap   total 262144K, used 114755K [0x0000000080000000, 0x0000000100000000)
  region size 1024K, 3 young (3072K), 3 survivors (3072K)
 Metaspace       used 98485K, capacity 101215K, committed 101512K, reserved 1138688K
  class space    used 12399K, capacity 13394K, committed 13440K, reserved 1048576K
}
Event: 15.062 GC heap before
{Heap before GC invocations=19 (full 0):
 garbage-first heap   total 262144K, used 213059K [0x0000000080000000, 0x0000000100000000)
  region size 1024K, 100 young (102400K), 3 survivors (3072K)
 Metaspace       used 98513K, capacity 101279K, committed 101512K, reserved 1138688K
  class space    used 12399K, capacity 13394K, committed 13440K, reserved 1048576K
}
Event: 15.063 GC heap after
{Heap after GC invocations=20 (full 0):
 garbage-first heap   total 262144K, used 113371K [0x0000000080000000, 0x0000000100000000)
  region size 1024K, 2 young (2048K), 2 survivors (2048K)
 Metaspace       used 98513K, capacity 101279K, committed 101512K, reserved 1138688K
  class space    used 12399K, capacity 13394K, committed 13440K, reserved 1048576K
}
Event: 15.154 GC heap before
{Heap before GC invocations=20 (full 0):
 garbage-first heap   total 262144K, used 215771K [0x0000000080000000, 0x0000000100000000)
  region size 1024K, 103 young (105472K), 2 survivors (2048K)
 Metaspace       used 98531K, capacity 101351K, committed 101512K, reserved 1138688K
  class space    used 12400K, capacity 13395K, committed 13440K, reserved 1048576K
}
Event: 15.155 GC heap after
{Heap after GC invocations=21 (full 0):
 garbage-first heap   total 262144K, used 113435K [0x0000000080000000, 0x0000000100000000)
  region size 1024K, 2 young (2048K), 2 survivors (2048K)
 Metaspace       used 98531K, capacity 101351K, committed 101512K, reserved 1138688K
  class space    used 12400K, capacity 13395K, committed 13440K, reserved 1048576K
}
Event: 15.245 GC heap before
{Heap before GC invocations=21 (full 0):
 garbage-first heap   total 262144K, used 218907K [0x0000000080000000, 0x0000000100000000)
  region size 1024K, 105 young (107520K), 2 survivors (2048K)
 Metaspace       used 98532K, capacity 101351K, committed 101512K, reserved 1138688K
  class space    used 12400K, capacity 13395K, committed 13440K, reserved 1048576K
}
Event: 15.248 GC heap after
{Heap after GC invocations=22 (full 0):
 garbage-first heap   total 262144K, used 117360K [0x0000000080000000, 0x0000000100000000)
  region size 1024K, 6 young (6144K), 6 survivors (6144K)
 Metaspace       used 98532K, capacity 101351K, committed 101512K, reserved 1138688K
  class space    used 12400K, capacity 13395K, committed 13440K, reserved 1048576K
}
Event: 15.341 GC heap before
{Heap before GC invocations=22 (full 0):
 garbage-first heap   total 262144K, used 221808K [0x0000000080000000, 0x0000000100000000)
  region size 1024K, 107 young (109568K), 6 survivors (6144K)
 Metaspace       used 98539K, capacity 101357K, committed 101512K, reserved 1138688K
  class space    used 12400K, capacity 13396K, committed 13440K, reserved 1048576K
}
Event: 15.343 GC heap after
{Heap after GC invocations=23 (full 0):
 garbage-first heap   total 262144K, used 118410K [0x0000000080000000, 0x0000000100000000)
  region size 1024K, 7 young (7168K), 7 survivors (7168K)
 Metaspace       used 98539K, capacity 101357K, committed 101512K, reserved 1138688K
  class space    used 12400K, capacity 13396K, committed 13440K, reserved 1048576K
}
Event: 15.668 GC heap before
{Heap before GC invocations=23 (full 0):
 garbage-first heap   total 262144K, used 220810K [0x0000000080000000, 0x0000000100000000)
  region size 1024K, 108 young (110592K), 7 survivors (7168K)
 Metaspace       used 99877K, capacity 102686K, committed 102792K, reserved 1138688K
  class space    used 12535K, capacity 13592K, committed 13696K, reserved 1048576K
}
Event: 15.672 GC heap after
{Heap after GC invocations=24 (full 0):
 garbage-first heap   total 262144K, used 123764K [0x0000000080000000, 0x0000000100000000)
  region size 1024K, 12 young (12288K), 12 survivors (12288K)
 Metaspace       used 99877K, capacity 102686K, committed 102792K, reserved 1138688K
  class space    used 12535K, capacity 13592K, committed 13696K, reserved 1048576K
}
Event: 15.890 GC heap before
{Heap before GC invocations=24 (full 0):
 garbage-first heap   total 262144K, used 221044K [0x0000000080000000, 0x0000000100000000)
  region size 1024K, 108 young (110592K), 12 survivors (12288K)
 Metaspace       used 101615K, capacity 104442K, committed 104584K, reserved 1140736K
  class space    used 12777K, capacity 13853K, committed 13952K, reserved 1048576K
}
Event: 15.901 GC heap after
{Heap after GC invocations=25 (full 0):
 garbage-first heap   total 262144K, used 142750K [0x0000000080000000, 0x0000000100000000)
  region size 1024K, 14 young (14336K), 14 survivors (14336K)
 Metaspace       used 101615K, capacity 104442K, committed 104584K, reserved 1140736K
  class space    used 12777K, capacity 13853K, committed 13952K, reserved 1048576K
}

